Time:2014-09-26 21:45:05
Error: Redis connection to 127.0.0.1:6379 failed - connect ECONNREFUSED
    at RedisClient.on_error (F:\answer\node_modules\redis\index.js:151:24)
    at Socket.<anonymous> (F:\answer\node_modules\redis\index.js:86:14)
    at Socket.EventEmitter.emit (events.js:95:17)
    at net.js:441:14
    at process._tickCallback (node.js:415:13)

Time:2014-09-26 21:45:30
ReferenceError: result is not defined
    at F:\answer\lib\quester.js:489:30
    at F:\answer\lib\dataAdapter.js:593:22
    at F:\answer\node_modules\async\lib\async.js:476:17
    at F:\answer\node_modules\async\lib\async.js:94:25
    at F:\answer\node_modules\async\lib\async.js:473:21
    at F:\answer\lib\dataAdapter.js:588:17
    at F:\answer\lib\mongoClient.js:35:28
    at F:\answer\node_modules\mongodb\lib\mongodb\cursor.js:159:16
    at commandHandler (F:\answer\node_modules\mongodb\lib\mongodb\cursor.js:628:16)
    at null.<anonymous> (F:\answer\node_modules\mongodb\lib\mongodb\db.js:1709:18)

Time:2014-09-26 21:45:33
ReferenceError: result is not defined
    at F:\answer\lib\quester.js:489:30
    at F:\answer\lib\dataAdapter.js:593:22
    at F:\answer\node_modules\async\lib\async.js:476:17
    at F:\answer\node_modules\async\lib\async.js:94:25
    at F:\answer\node_modules\async\lib\async.js:473:21
    at F:\answer\lib\dataAdapter.js:588:17
    at F:\answer\lib\mongoClient.js:35:28
    at F:\answer\node_modules\mongodb\lib\mongodb\cursor.js:159:16
    at commandHandler (F:\answer\node_modules\mongodb\lib\mongodb\cursor.js:628:16)
    at null.<anonymous> (F:\answer\node_modules\mongodb\lib\mongodb\db.js:1709:18)

