Time:2014-09-28 09:59:38
MongoError: exception: $or requires nonempty array
    at Object.exports.toError (F:\answer\node_modules\mongodb\lib\mongodb\utils.js:108:11)
    at F:\answer\node_modules\mongodb\lib\mongodb\collection.js:597:29
    at null.<anonymous> (F:\answer\node_modules\mongodb\lib\mongodb\db.js:1709:18)
    at g (events.js:180:16)
    at EventEmitter.emit (events.js:106:17)
    at Server.Base._callHandler (F:\answer\node_modules\mongodb\lib\mongodb\connection\base.js:130:25)
    at F:\answer\node_modules\mongodb\lib\mongodb\connection\server.js:522:20
    at MongoReply.parseBody (F:\answer\node_modules\mongodb\lib\mongodb\responses\mongo_reply.js:132:5)
    at null.<anonymous> (F:\answer\node_modules\mongodb\lib\mongodb\connection\server.js:481:22)
    at EventEmitter.emit (events.js:95:17)

Time:2014-09-28 09:59:38
MongoError: $and/$or/$nor must be a nonempty array
    at Object.exports.toError (F:\answer\node_modules\mongodb\lib\mongodb\utils.js:108:11)
    at F:\answer\node_modules\mongodb\lib\mongodb\cursor.js:611:54
    at Cursor.close (F:\answer\node_modules\mongodb\lib\mongodb\cursor.js:939:5)
    at commandHandler (F:\answer\node_modules\mongodb\lib\mongodb\cursor.js:611:21)
    at null.<anonymous> (F:\answer\node_modules\mongodb\lib\mongodb\db.js:1709:18)
    at g (events.js:180:16)
    at EventEmitter.emit (events.js:106:17)
    at Server.Base._callHandler (F:\answer\node_modules\mongodb\lib\mongodb\connection\base.js:130:25)
    at F:\answer\node_modules\mongodb\lib\mongodb\connection\server.js:522:20
    at MongoReply.parseBody (F:\answer\node_modules\mongodb\lib\mongodb\responses\mongo_reply.js:132:5)

Time:2014-09-28 09:59:38
MongoError: $and/$or/$nor must be a nonempty array
    at Object.exports.toError (F:\answer\node_modules\mongodb\lib\mongodb\utils.js:108:11)
    at F:\answer\node_modules\mongodb\lib\mongodb\cursor.js:611:54
    at Cursor.close (F:\answer\node_modules\mongodb\lib\mongodb\cursor.js:939:5)
    at commandHandler (F:\answer\node_modules\mongodb\lib\mongodb\cursor.js:611:21)
    at null.<anonymous> (F:\answer\node_modules\mongodb\lib\mongodb\db.js:1709:18)
    at g (events.js:180:16)
    at EventEmitter.emit (events.js:106:17)
    at Server.Base._callHandler (F:\answer\node_modules\mongodb\lib\mongodb\connection\base.js:130:25)
    at F:\answer\node_modules\mongodb\lib\mongodb\connection\server.js:522:20
    at MongoReply.parseBody (F:\answer\node_modules\mongodb\lib\mongodb\responses\mongo_reply.js:132:5)

Time:2014-09-28 10:00:48
SyntaxError: Unexpected token :
    at Module._compile (module.js:439:25)
    at Object.Module._extensions..js (module.js:474:10)
    at Module.load (module.js:356:32)
    at Function.Module._load (module.js:312:12)
    at Module.require (module.js:364:17)
    at require (module.js:380:17)
    at Object.<anonymous> (F:\answer\handleapp\once.js:14:15)
    at Module._compile (module.js:456:26)
    at Object.Module._extensions..js (module.js:474:10)
    at Module.load (module.js:356:32)
    at Function.Module._load (module.js:312:12)

